app/build/outputs/logs/manifest-merger-debug-report.txt
-- Merging decision tree log ---
manifest
ADDED from src/main/AndroidManifest.xml:2:1-371:12
	package
		ADDED from src/main/AndroidManifest.xml:3:5-33
		INJECTED from src/main/AndroidManifest.xml
		INJECTED from src/main/AndroidManifest.xml
	android:versionName
		ADDED from src/main/AndroidManifest.xml:5:5-32
		INJECTED from src/main/AndroidManifest.xml
		INJECTED from src/main/AndroidManifest.xml
	android:versionCode
		ADDED from src/main/AndroidManifest.xml:4:5-30
		INJECTED from src/main/AndroidManifest.xml
		INJECTED from src/main/AndroidManifest.xml
	xmlns:android
		ADDED from src/main/AndroidManifest.xml:2:11-69
uses-permission#android.permission.WAKE_LOCK
ADDED from src/main/AndroidManifest.xml:7:5-68
	android:name
		ADDED from src/main/AndroidManifest.xml:7:22-65
uses-feature#android.hardware.camera
ADDED from src/main/AndroidManifest.xml:9:5-60
	android:name
		ADDED from src/main/AndroidManifest.xml:9:19-57
uses-permission#android.permission.CAMERA
ADDED from src/main/AndroidManifest.xml:11:5-65
	android:name
		ADDED from src/main/AndroidManifest.xml:11:22-62
uses-permission#android.permission.MOUNT_UNMOUNT_FILESYSTEMS
ADDED from src/main/AndroidManifest.xml:12:5-84
	android:name
		ADDED from src/main/AndroidManifest.xml:12:22-81
uses-permission#android.permission.RECORD_AUDIO
ADDED from src/main/AndroidManifest.xml:13:5-71
	android:name
		ADDED from src/main/AndroidManifest.xml:13:22-68
uses-permission#android.permission.READ_PHONE_STATE
ADDED from src/main/AndroidManifest.xml:14:5-75
MERGED from [Organ:library-baiduautoupdate:unspecified] AndroidManifest.xml:13:5-75
	android:name
		ADDED from src/main/AndroidManifest.xml:14:22-72
uses-permission#android.permission.INTERNET
ADDED from src/main/AndroidManifest.xml:15:5-67
MERGED from [Organ:library-baiduautoupdate:unspecified] AndroidManifest.xml:16:5-67
	android:name
		ADDED from src/main/AndroidManifest.xml:15:22-64
uses-permission#android.permission.ACCESS_NETWORK_STATE
ADDED from src/main/AndroidManifest.xml:16:5-79
MERGED from [Organ:library-baiduautoupdate:unspecified] AndroidManifest.xml:11:5-79
MERGED from [Organ:library-player:unspecified] AndroidManifest.xml:11:5-79
	android:name
		ADDED from src/main/AndroidManifest.xml:16:22-76
uses-permission#android.permission.ACCESS_WIFI_STATE
ADDED from src/main/AndroidManifest.xml:17:5-76
MERGED from [Organ:library-baiduautoupdate:unspecified] AndroidManifest.xml:12:5-76
	android:name
		ADDED from src/main/AndroidManifest.xml:17:22-73
uses-permission#android.permission.CHANGE_WIFI_STATE
ADDED from src/main/AndroidManifest.xml:18:5-76
MERGED from [Organ:library-baiduautoupdate:unspecified] AndroidManifest.xml:18:5-76
	android:name
		ADDED from src/main/AndroidManifest.xml:18:22-73
uses-permission#android.permission.READ_LOGS
ADDED from src/main/AndroidManifest.xml:19:5-68
	android:name
		ADDED from src/main/AndroidManifest.xml:19:22-65
uses-permission#android.permission.MODIFY_AUDIO_SETTINGS
ADDED from src/main/AndroidManifest.xml:20:5-80
	android:name
		ADDED from src/main/AndroidManifest.xml:20:22-77
uses-permission#android.permission.READ_EXTERNAL_STORAGE
ADDED from src/main/AndroidManifest.xml:21:5-80
	android:name
		ADDED from src/main/AndroidManifest.xml:21:22-77
uses-permission#android.permission.WRITE_EXTERNAL_STORAGE
ADDED from src/main/AndroidManifest.xml:22:5-81
MERGED from [Organ:library-baiduautoupdate:unspecified] AndroidManifest.xml:15:5-81
MERGED from [Organ:library-7z:unspecified] AndroidManifest.xml:12:5-81
	android:name
		ADDED from src/main/AndroidManifest.xml:22:22-78
uses-permission#android.permission.SEND_SMS
ADDED from src/main/AndroidManifest.xml:23:5-67
	android:name
		ADDED from src/main/AndroidManifest.xml:23:22-64
uses-permission#android.permission.READ_SMS
ADDED from src/main/AndroidManifest.xml:24:5-67
	android:name
		ADDED from src/main/AndroidManifest.xml:24:22-64
uses-permission#android.permission.CALL_PHONE
ADDED from src/main/AndroidManifest.xml:25:5-69
	android:name
		ADDED from src/main/AndroidManifest.xml:25:22-66
uses-permission#android.permission.RECEIVE_BOOT_COMPLETED
ADDED from src/main/AndroidManifest.xml:28:5-81
	android:name
		ADDED from src/main/AndroidManifest.xml:28:22-78
uses-permission#android.permission.RESTART_PACKAGES
ADDED from src/main/AndroidManifest.xml:29:5-75
	android:name
		ADDED from src/main/AndroidManifest.xml:29:22-72
uses-permission#android.permission.BROADCAST_STICKY
ADDED from src/main/AndroidManifest.xml:30:5-75
	android:name
		ADDED from src/main/AndroidManifest.xml:30:22-72
uses-permission#android.permission.WRITE_SETTINGS
ADDED from src/main/AndroidManifest.xml:31:5-73
MERGED from [Organ:library-baiduautoupdate:unspecified] AndroidManifest.xml:14:5-73
	android:name
		ADDED from src/main/AndroidManifest.xml:31:22-70
uses-permission#android.permission.RECEIVE_USER_PRESENT
ADDED from src/main/AndroidManifest.xml:32:5-79
	android:name
		ADDED from src/main/AndroidManifest.xml:32:22-76
uses-permission#android.permission.KILL_BACKGROUND_PROCESSES
ADDED from src/main/AndroidManifest.xml:33:5-84
	android:name
		ADDED from src/main/AndroidManifest.xml:33:22-81
uses-permission#android.permission.GET_TASKS
ADDED from src/main/AndroidManifest.xml:34:5-68
MERGED from [Organ:library-baiduautoupdate:unspecified] AndroidManifest.xml:17:5-68
	android:name
		ADDED from src/main/AndroidManifest.xml:34:22-65
uses-permission#android.permission.VIBRATE
ADDED from src/main/AndroidManifest.xml:35:5-66
	android:name
		ADDED from src/main/AndroidManifest.xml:35:22-63
uses-permission#android.permission.BLUETOOTH
ADDED from src/main/AndroidManifest.xml:37:5-68
	android:name
		ADDED from src/main/AndroidManifest.xml:37:22-65
uses-permission#android.permission.BATTERY_STATS
ADDED from src/main/AndroidManifest.xml:38:5-72
	android:name
		ADDED from src/main/AndroidManifest.xml:38:22-69
application
ADDED from src/main/AndroidManifest.xml:40:5-369:19
MERGED from [Organ:libray-base:unspecified] AndroidManifest.xml:11:5-15:19
MERGED from [com.android.support:appcompat-v7:23.2.1] AndroidManifest.xml:25:5-20
MERGED from [com.android.support:support-v4:23.3.0] AndroidManifest.xml:22:5-20
MERGED from [com.android.support:animated-vector-drawable:23.2.1] AndroidManifest.xml:7:5-20
MERGED from [com.android.support:support-vector-drawable:23.2.1] AndroidManifest.xml:7:5-20
MERGED from [com.android.support:support-v4:23.3.0] AndroidManifest.xml:22:5-20
MERGED from [com.android.support:support-vector-drawable:23.2.1] AndroidManifest.xml:7:5-20
MERGED from [com.android.support:support-v4:23.3.0] AndroidManifest.xml:22:5-20
MERGED from [com.android.support:support-v4:23.3.0] AndroidManifest.xml:22:5-20
MERGED from [com.android.support:design:23.2.1] AndroidManifest.xml:22:5-20
MERGED from [com.android.support:support-v4:23.3.0] AndroidManifest.xml:22:5-20
MERGED from [com.android.support:appcompat-v7:23.2.1] AndroidManifest.xml:25:5-20
MERGED from [com.android.support:support-v4:23.3.0] AndroidManifest.xml:22:5-20
MERGED from [com.android.support:animated-vector-drawable:23.2.1] AndroidManifest.xml:7:5-20
MERGED from [com.android.support:support-vector-drawable:23.2.1] AndroidManifest.xml:7:5-20
MERGED from [com.android.support:support-v4:23.3.0] AndroidManifest.xml:22:5-20
MERGED from [com.android.support:support-vector-drawable:23.2.1] AndroidManifest.xml:7:5-20
MERGED from [com.android.support:support-v4:23.3.0] AndroidManifest.xml:22:5-20
MERGED from [com.android.support:support-v4:23.3.0] AndroidManifest.xml:22:5-20
MERGED from [Organ:library-Refresh:unspecified] AndroidManifest.xml:9:5-20
MERGED from [com.android.support:support-v4:23.3.0] AndroidManifest.xml:22:5-20
MERGED from [Organ:library-baiduautoupdate:unspecified] AndroidManifest.xml:20:5-44:19
MERGED from [com.android.support:support-v4:23.3.0] AndroidManifest.xml:22:5-20
MERGED from [com.android.support:support-v4:23.3.0] AndroidManifest.xml:22:5-20
MERGED from [com.android.support:support-v4:23.3.0] AndroidManifest.xml:22:5-20
MERGED from [Organ:library-player:unspecified] AndroidManifest.xml:13:5-17:19
MERGED from [com.android.support:appcompat-v7:23.2.1] AndroidManifest.xml:25:5-20
MERGED from [com.android.support:support-v4:23.3.0] AndroidManifest.xml:22:5-20
MERGED from [com.android.support:animated-vector-drawable:23.2.1] AndroidManifest.xml:7:5-20
MERGED from [com.android.support:support-vector-drawable:23.2.1] AndroidManifest.xml:7:5-20
MERGED from [com.android.support:support-v4:23.3.0] AndroidManifest.xml:22:5-20
MERGED from [com.android.support:support-vector-drawable:23.2.1] AndroidManifest.xml:7:5-20
MERGED from [com.android.support:support-v4:23.3.0] AndroidManifest.xml:22:5-20
MERGED from [Organ:library-ijkplayer:unspecified] AndroidManifest.xml:9:5-13:19
MERGED from [Organ:library-pdfview:unspecified] AndroidManifest.xml:29:5-33:19
MERGED from [Organ:library-native:unspecified] AndroidManifest.xml:11:5-15:19
MERGED from [Organ:library-7z:unspecified] AndroidManifest.xml:17:5-21:19
	android:label
		ADDED from src/main/AndroidManifest.xml:44:9-41
	android:supportsRtl
		ADDED from src/main/AndroidManifest.xml:45:9-35
	android:allowBackup
		ADDED from src/main/AndroidManifest.xml:42:9-36
	android:icon
		ADDED from src/main/AndroidManifest.xml:43:9-43
	android:theme
		ADDED from src/main/AndroidManifest.xml:46:9-40
	android:name
		ADDED from src/main/AndroidManifest.xml:41:9-41
activity#com.talenton.organ.ui.WelcomeActivity
ADDED from src/main/AndroidManifest.xml:47:9-56:20
	android:label
		ADDED from src/main/AndroidManifest.xml:50:13-45
	android:configChanges
		ADDED from src/main/AndroidManifest.xml:49:13-74
	android:name
		ADDED from src/main/AndroidManifest.xml:48:13-47
intent-filter#android.intent.action.MAIN+android.intent.category.LAUNCHER
ADDED from src/main/AndroidManifest.xml:51:13-55:29
action#android.intent.action.MAIN
ADDED from src/main/AndroidManifest.xml:52:17-69
	android:name
		ADDED from src/main/AndroidManifest.xml:52:25-66
category#android.intent.category.LAUNCHER
ADDED from src/main/AndroidManifest.xml:54:17-77
	android:name
		ADDED from src/main/AndroidManifest.xml:54:27-74
activity#com.talenton.organ.ui.MainActivity
ADDED from src/main/AndroidManifest.xml:57:9-60:47
	android:launchMode
		ADDED from src/main/AndroidManifest.xml:60:13-44
	android:configChanges
		ADDED from src/main/AndroidManifest.xml:59:13-74
	android:name
		ADDED from src/main/AndroidManifest.xml:58:13-44
activity#com.talenton.organ.ui.school.ClassificationActivity
ADDED from src/main/AndroidManifest.xml:61:9-70
	android:name
		ADDED from src/main/AndroidManifest.xml:61:19-67
activity#com.talenton.organ.ui.user.LoginActivity
ADDED from src/main/AndroidManifest.xml:62:9-65:70
	android:screenOrientation
		ADDED from src/main/AndroidManifest.xml:64:13-49
	android:windowSoftInputMode
		ADDED from src/main/AndroidManifest.xml:65:13-67
	android:name
		ADDED from src/main/AndroidManifest.xml:63:13-50
activity#com.talenton.organ.ui.user.MyOrderActivity
ADDED from src/main/AndroidManifest.xml:66:9-61
	android:name
		ADDED from src/main/AndroidManifest.xml:66:19-58
activity#com.talenton.organ.ui.user.MyPointsActivity
ADDED from src/main/AndroidManifest.xml:67:9-62
	android:name
		ADDED from src/main/AndroidManifest.xml:67:19-59
activity#com.talenton.organ.ui.user.MyCollectionActivity
ADDED from src/main/AndroidManifest.xml:68:9-66
	android:name
		ADDED from src/main/AndroidManifest.xml:68:19-63
activity#com.talenton.organ.ui.user.BindPhoneActivity
ADDED from src/main/AndroidManifest.xml:69:9-63
	android:name
		ADDED from src/main/AndroidManifest.xml:69:19-60
activity#com.talenton.organ.ui.user.RegisterActivity
ADDED from src/main/AndroidManifest.xml:70:9-73:52
	android:screenOrientation
		ADDED from src/main/AndroidManifest.xml:73:13-49
	android:configChanges
		ADDED from src/main/AndroidManifest.xml:72:13-74
	android:name
		ADDED from src/main/AndroidManifest.xml:71:13-53
activity#com.talenton.organ.ui.user.ModifyPasswordActivity
ADDED from src/main/AndroidManifest.xml:74:9-68
	android:name
		ADDED from src/main/AndroidManifest.xml:74:19-65
activity#com.talenton.organ.ui.school.SearchActivity
ADDED from src/main/AndroidManifest.xml:75:9-62
	android:name
		ADDED from src/main/AndroidManifest.xml:75:19-59
activity#com.talenton.organ.ui.user.PerfectPersonalInfoActivity
ADDED from src/main/AndroidManifest.xml:76:9-79:70
	android:windowSoftInputMode
		ADDED from src/main/AndroidManifest.xml:79:13-67
	android:configChanges
		ADDED from src/main/AndroidManifest.xml:78:13-74
	android:name
		ADDED from src/main/AndroidManifest.xml:77:13-64
activity#com.talenton.organ.ui.user.myOrders.AllOrdersActivity
ADDED from src/main/AndroidManifest.xml:80:9-72
	android:name
		ADDED from src/main/AndroidManifest.xml:80:19-69
activity#com.talenton.organ.ui.user.CaptureAndPickActivity
ADDED from src/main/AndroidManifest.xml:81:9-87:70
	android:screenOrientation
		ADDED from src/main/AndroidManifest.xml:85:13-49
	android:label
		ADDED from src/main/AndroidManifest.xml:84:13-45
	android:windowSoftInputMode
		ADDED from src/main/AndroidManifest.xml:87:13-67
	android:configChanges
		ADDED from src/main/AndroidManifest.xml:83:13-74
	android:theme
		ADDED from src/main/AndroidManifest.xml:86:13-51
	android:name
		ADDED from src/main/AndroidManifest.xml:82:13-59
activity#com.talenton.organ.ui.user.LoginMainActivity
ADDED from src/main/AndroidManifest.xml:88:9-63
	android:name
		ADDED from src/main/AndroidManifest.xml:88:19-60
activity#com.talenton.organ.ui.user.SelectSchoolActivity
ADDED from src/main/AndroidManifest.xml:89:9-66
	android:name
		ADDED from src/main/AndroidManifest.xml:89:19-63
activity#com.talenton.organ.ui.feed.AttentionRecordActivity
ADDED from src/main/AndroidManifest.xml:90:9-69
	android:name
		ADDED from src/main/AndroidManifest.xml:90:19-66
activity#com.talenton.organ.ui.feed.AttentionAgeActivity
ADDED from src/main/AndroidManifest.xml:91:9-66
	android:name
		ADDED from src/main/AndroidManifest.xml:91:19-63
activity#com.talenton.organ.ui.feed.AttentionCircleActivity
ADDED from src/main/AndroidManifest.xml:92:9-69
	android:name
		ADDED from src/main/AndroidManifest.xml:92:19-66
activity#com.talenton.organ.ui.feed.InviteAttentionActivity
ADDED from src/main/AndroidManifest.xml:93:9-69
	android:name
		ADDED from src/main/AndroidManifest.xml:93:19-66
activity#com.talenton.organ.ui.feed.AttentionByOtherActivity
ADDED from src/main/AndroidManifest.xml:94:9-70
	android:name
		ADDED from src/main/AndroidManifest.xml:94:19-67
activity#com.talenton.organ.ui.feed.AttentionSchoolBabyActivity
ADDED from src/main/AndroidManifest.xml:95:9-73
	android:name
		ADDED from src/main/AndroidManifest.xml:95:19-70
activity#com.talenton.organ.ui.feed.BabyFeedsActivity
ADDED from src/main/AndroidManifest.xml:96:9-63
	android:name
		ADDED from src/main/AndroidManifest.xml:96:19-60
activity#com.talenton.organ.ui.feed.CircleFeedsActivity
ADDED from src/main/AndroidManifest.xml:97:9-65
	android:name
		ADDED from src/main/AndroidManifest.xml:97:19-62
activity#com.talenton.organ.ui.feed.FeedsDetailActivity
ADDED from src/main/AndroidManifest.xml:98:9-101:71
	android:screenOrientation
		ADDED from src/main/AndroidManifest.xml:100:13-49
	android:windowSoftInputMode
		ADDED from src/main/AndroidManifest.xml:101:13-68
	android:name
		ADDED from src/main/AndroidManifest.xml:99:13-56
activity#com.talenton.organ.ui.feed.FeedsPostActivity
ADDED from src/main/AndroidManifest.xml:102:9-105:58
	android:screenOrientation
		ADDED from src/main/AndroidManifest.xml:104:13-49
	android:windowSoftInputMode
		ADDED from src/main/AndroidManifest.xml:105:13-55
	android:name
		ADDED from src/main/AndroidManifest.xml:103:13-54
activity#com.talenton.organ.ui.feed.image.AllPicBrowserActivity
ADDED from src/main/AndroidManifest.xml:106:9-109:71
	android:screenOrientation
		ADDED from src/main/AndroidManifest.xml:108:13-49
	android:windowSoftInputMode
		ADDED from src/main/AndroidManifest.xml:109:13-68
	android:name
		ADDED from src/main/AndroidManifest.xml:107:13-64
activity#com.talenton.organ.ui.feed.image.PicturePreviewActivity
ADDED from src/main/AndroidManifest.xml:110:9-112:52
	android:screenOrientation
		ADDED from src/main/AndroidManifest.xml:112:13-49
	android:name
		ADDED from src/main/AndroidManifest.xml:111:13-65
activity#com.talenton.organ.ui.feed.FeedsTaskActivity
ADDED from src/main/AndroidManifest.xml:113:9-116:58
	android:screenOrientation
		ADDED from src/main/AndroidManifest.xml:115:13-49
	android:windowSoftInputMode
		ADDED from src/main/AndroidManifest.xml:116:13-55
	android:name
		ADDED from src/main/AndroidManifest.xml:114:13-54
activity#com.talenton.organ.ui.feed.FeedsCommentActivity
ADDED from src/main/AndroidManifest.xml:117:9-121:71
	android:screenOrientation
		ADDED from src/main/AndroidManifest.xml:119:13-49
	android:windowSoftInputMode
		ADDED from src/main/AndroidManifest.xml:121:13-68
	android:theme
		ADDED from src/main/AndroidManifest.xml:120:13-63
	android:name
		ADDED from src/main/AndroidManifest.xml:118:13-57
activity#com.talenton.organ.ui.feed.CircleFeedsDetailActivity
ADDED from src/main/AndroidManifest.xml:122:9-71
	android:name
		ADDED from src/main/AndroidManifest.xml:122:19-68
activity#com.talenton.organ.ui.feed.CircleRankActivity
ADDED from src/main/AndroidManifest.xml:123:9-64
	android:name
		ADDED from src/main/AndroidManifest.xml:123:19-61
activity#com.talenton.organ.ui.feed.SearchCircleActivity
ADDED from src/main/AndroidManifest.xml:124:9-66
	android:name
		ADDED from src/main/AndroidManifest.xml:124:19-63
activity#com.talenton.organ.ui.feed.SocialCircleActivity
ADDED from src/main/AndroidManifest.xml:125:9-66
	android:name
		ADDED from src/main/AndroidManifest.xml:125:19-63
activity#com.talenton.organ.ui.feed.ModifyCircleActivity
ADDED from src/main/AndroidManifest.xml:126:9-66
	android:name
		ADDED from src/main/AndroidManifest.xml:126:19-63
activity#com.talenton.organ.ui.feed.ShowCircleActivity
ADDED from src/main/AndroidManifest.xml:127:9-64
	android:name
		ADDED from src/main/AndroidManifest.xml:127:19-61
activity#com.talenton.organ.ui.feed.SocialActivity
ADDED from src/main/AndroidManifest.xml:128:9-133:77
	android:screenOrientation
		ADDED from src/main/AndroidManifest.xml:131:13-49
	android:label
		ADDED from src/main/AndroidManifest.xml:130:13-45
	android:windowSoftInputMode
		ADDED from src/main/AndroidManifest.xml:133:13-74
	android:theme
		ADDED from src/main/AndroidManifest.xml:132:13-63
	android:name
		ADDED from src/main/AndroidManifest.xml:129:13-51
activity#com.talenton.organ.ui.feed.video.AllVideoBrowserActivity
ADDED from src/main/AndroidManifest.xml:134:9-137:71
	android:screenOrientation
		ADDED from src/main/AndroidManifest.xml:136:13-49
	android:windowSoftInputMode
		ADDED from src/main/AndroidManifest.xml:137:13-68
	android:name
		ADDED from src/main/AndroidManifest.xml:135:13-66
activity#com.talenton.organ.ui.feed.video.RecorderVideoActivity
ADDED from src/main/AndroidManifest.xml:138:9-141:63
	android:screenOrientation
		ADDED from src/main/AndroidManifest.xml:140:13-49
	android:windowSoftInputMode
		ADDED from src/main/AndroidManifest.xml:141:13-60
	android:name
		ADDED from src/main/AndroidManifest.xml:139:13-64
activity#com.talenton.organ.ui.school.ExperimentalActivity
ADDED from src/main/AndroidManifest.xml:142:9-68
	android:name
		ADDED from src/main/AndroidManifest.xml:142:19-65
activity#com.talenton.organ.ui.shop.DiscountAreaActivity
ADDED from src/main/AndroidManifest.xml:144:9-66
	android:name
		ADDED from src/main/AndroidManifest.xml:144:19-63
activity#com.talenton.organ.ui.shop.RecommendAreaActivity
ADDED from src/main/AndroidManifest.xml:145:9-67
	android:name
		ADDED from src/main/AndroidManifest.xml:145:19-64
activity#com.talenton.organ.ui.shop.HotAreaActivity
ADDED from src/main/AndroidManifest.xml:146:9-61
	android:name
		ADDED from src/main/AndroidManifest.xml:146:19-58
activity#com.talenton.organ.ui.shop.ClassifyAreaActivity
ADDED from src/main/AndroidManifest.xml:147:9-66
	android:name
		ADDED from src/main/AndroidManifest.xml:147:19-63
activity#com.talenton.organ.ui.shop.ClassifyAreaDetailActivity
ADDED from src/main/AndroidManifest.xml:148:9-72
	android:name
		ADDED from src/main/AndroidManifest.xml:148:19-69
activity#com.talenton.organ.ui.shop.ConfirmOrderActivity
ADDED from src/main/AndroidManifest.xml:149:9-66
	android:name
		ADDED from src/main/AndroidManifest.xml:149:19-63
activity#com.talenton.organ.ui.shop.ConfirmOrderNowActivity
ADDED from src/main/AndroidManifest.xml:150:9-69
	android:name
		ADDED from src/main/AndroidManifest.xml:150:19-66
activity#com.talenton.organ.ui.shop.SearchGoodsActivity
ADDED from src/main/AndroidManifest.xml:151:9-65
	android:name
		ADDED from src/main/AndroidManifest.xml:151:19-62
activity#com.talenton.organ.ui.shop.ShoppingCartActivity
ADDED from src/main/AndroidManifest.xml:152:9-66
	android:name
		ADDED from src/main/AndroidManifest.xml:152:19-63
activity#com.talenton.organ.ui.shop.GoodsDetailActivity
ADDED from src/main/AndroidManifest.xml:153:9-65
	android:name
		ADDED from src/main/AndroidManifest.xml:153:19-62
activity#com.talenton.organ.ui.shop.ManageAdressActivity
ADDED from src/main/AndroidManifest.xml:154:9-66
	android:name
		ADDED from src/main/AndroidManifest.xml:154:19-63
activity#com.talenton.organ.ui.shop.AddNewAdressActivity
ADDED from src/main/AndroidManifest.xml:155:9-66
	android:name
		ADDED from src/main/AndroidManifest.xml:155:19-63
activity#com.talenton.organ.ui.shop.EditAddressActivity
ADDED from src/main/AndroidManifest.xml:156:9-65
	android:name
		ADDED from src/main/AndroidManifest.xml:156:19-62
activity#com.talenton.organ.ui.shop.PayOrderOkActivity
ADDED from src/main/AndroidManifest.xml:157:9-64
	android:name
		ADDED from src/main/AndroidManifest.xml:157:19-61
activity#com.talenton.organ.ui.shop.ConfirmNoDetailOrderActivity
ADDED from src/main/AndroidManifest.xml:158:9-74
	android:name
		ADDED from src/main/AndroidManifest.xml:158:19-71
activity#com.talenton.organ.ui.shop.PayClassOrderOkActivity
ADDED from src/main/AndroidManifest.xml:159:9-69
	android:name
		ADDED from src/main/AndroidManifest.xml:159:19-66
activity#com.talenton.organ.ui.shop.SelectAddressActivity
ADDED from src/main/AndroidManifest.xml:160:9-67
	android:name
		ADDED from src/main/AndroidManifest.xml:160:19-64
activity#com.talenton.organ.ui.shop.LogisticsQueryActivity
ADDED from src/main/AndroidManifest.xml:161:9-68
	android:name
		ADDED from src/main/AndroidManifest.xml:161:19-65
activity#com.talenton.organ.ui.shop.PayBookOrderOkActivity
ADDED from src/main/AndroidManifest.xml:162:9-68
	android:name
		ADDED from src/main/AndroidManifest.xml:162:19-65
activity#com.talenton.organ.ui.user.ShopPointsActivity
ADDED from src/main/AndroidManifest.xml:163:9-64
	android:name
		ADDED from src/main/AndroidManifest.xml:163:19-61
activity#com.talenton.organ.ui.school.ClassListActivity
ADDED from src/main/AndroidManifest.xml:166:9-65
	android:name
		ADDED from src/main/AndroidManifest.xml:166:19-62
activity#com.talenton.organ.ui.discovery.ActionActivity
ADDED from src/main/AndroidManifest.xml:167:9-65
	android:name
		ADDED from src/main/AndroidManifest.xml:167:19-62
activity#com.talenton.organ.ui.school.ClassDetailActivity
ADDED from src/main/AndroidManifest.xml:168:9-193:20
	android:configChanges
		ADDED from src/main/AndroidManifest.xml:170:13-74
	android:name
		ADDED from src/main/AndroidManifest.xml:169:13-58
activity#com.talenton.organ.ui.discovery.ShopListActivity
ADDED from src/main/AndroidManifest.xml:194:9-67
	android:name
		ADDED from src/main/AndroidManifest.xml:194:19-64
activity#com.pingplusplus.android.PaymentActivity
ADDED from src/main/AndroidManifest.xml:198:9-201:75
	android:launchMode
		ADDED from src/main/AndroidManifest.xml:200:13-43
	android:theme
		ADDED from src/main/AndroidManifest.xml:201:13-72
	android:name
		ADDED from src/main/AndroidManifest.xml:199:13-68
activity-alias#com.talenton.organ.wxapi.WXPayEntryActivity
ADDED from src/main/AndroidManifest.xml:203:9-206:81
	android:exported
		ADDED from src/main/AndroidManifest.xml:205:13-36
	android:targetActivity
		ADDED from src/main/AndroidManifest.xml:206:13-78
	android:name
		ADDED from src/main/AndroidManifest.xml:204:13-53
activity#com.alipay.sdk.app.H5PayActivity
ADDED from src/main/AndroidManifest.xml:208:9-212:50
	android:screenOrientation
		ADDED from src/main/AndroidManifest.xml:212:13-47
	android:exported
		ADDED from src/main/AndroidManifest.xml:211:13-37
	android:configChanges
		ADDED from src/main/AndroidManifest.xml:210:13-74
	android:name
		ADDED from src/main/AndroidManifest.xml:209:13-60
activity#com.alipay.sdk.auth.AuthActivity
ADDED from src/main/AndroidManifest.xml:213:9-217:50
	android:screenOrientation
		ADDED from src/main/AndroidManifest.xml:217:13-47
	android:exported
		ADDED from src/main/AndroidManifest.xml:216:13-37
	android:configChanges
		ADDED from src/main/AndroidManifest.xml:215:13-74
	android:name
		ADDED from src/main/AndroidManifest.xml:214:13-60
activity#com.talenton.organ.wxapi.WXEntryActivity
ADDED from src/main/AndroidManifest.xml:221:9-227:75
	android:screenOrientation
		ADDED from src/main/AndroidManifest.xml:226:13-49
	android:launchMode
		ADDED from src/main/AndroidManifest.xml:225:13-44
	android:exported
		ADDED from src/main/AndroidManifest.xml:224:13-36
	android:configChanges
		ADDED from src/main/AndroidManifest.xml:223:13-74
	android:theme
		ADDED from src/main/AndroidManifest.xml:227:13-72
	android:name
		ADDED from src/main/AndroidManifest.xml:222:13-50
activity#com.tencent.tauth.AuthActivity
ADDED from src/main/AndroidManifest.xml:229:9-242:20
	android:launchMode
		ADDED from src/main/AndroidManifest.xml:231:13-44
	android:noHistory
		ADDED from src/main/AndroidManifest.xml:232:13-37
	android:name
		ADDED from src/main/AndroidManifest.xml:230:13-58
intent-filter#android.intent.action.VIEW+android.intent.category.BROWSABLE+android.intent.category.DEFAULT
ADDED from src/main/AndroidManifest.xml:233:13-241:29
action#android.intent.action.VIEW
ADDED from src/main/AndroidManifest.xml:234:17-69
	android:name
		ADDED from src/main/AndroidManifest.xml:234:25-66
category#android.intent.category.DEFAULT
ADDED from src/main/AndroidManifest.xml:236:17-76
	android:name
		ADDED from src/main/AndroidManifest.xml:236:27-73
category#android.intent.category.BROWSABLE
ADDED from src/main/AndroidManifest.xml:237:17-78
	android:name
		ADDED from src/main/AndroidManifest.xml:237:27-75
list
ADDED from src/main/AndroidManifest.xml:239:17-60
	android:scheme
		ADDED from src/main/AndroidManifest.xml:239:23-57
activity#com.tencent.connect.common.AssistActivity
ADDED from src/main/AndroidManifest.xml:243:9-247:75
	android:screenOrientation
		ADDED from src/main/AndroidManifest.xml:246:13-47
	android:configChanges
		ADDED from src/main/AndroidManifest.xml:245:13-63
	android:theme
		ADDED from src/main/AndroidManifest.xml:247:13-72
	android:name
		ADDED from src/main/AndroidManifest.xml:244:13-69
activity#com.talenton.organ.ui.school.CreateEvaluateActivity
ADDED from src/main/AndroidManifest.xml:249:9-70
	android:name
		ADDED from src/main/AndroidManifest.xml:249:19-67
activity#com.talenton.organ.ui.school.PDFActivity
ADDED from src/main/AndroidManifest.xml:250:9-252:77
	android:configChanges
		ADDED from src/main/AndroidManifest.xml:252:13-74
	android:name
		ADDED from src/main/AndroidManifest.xml:251:13-50
activity#com.talenton.organ.ui.ImageDetailViewerActivity
ADDED from src/main/AndroidManifest.xml:253:9-66
	android:name
		ADDED from src/main/AndroidManifest.xml:253:19-63
activity#com.talenton.organ.ui.message.MsgActivity
ADDED from src/main/AndroidManifest.xml:254:9-60
	android:name
		ADDED from src/main/AndroidManifest.xml:254:19-57
activity#com.talenton.organ.ui.school.PlayerActivity
ADDED from src/main/AndroidManifest.xml:255:9-257:77
	android:configChanges
		ADDED from src/main/AndroidManifest.xml:257:13-74
	android:name
		ADDED from src/main/AndroidManifest.xml:256:13-53
activity#com.talenton.organ.ui.user.SuggestionActivity
ADDED from src/main/AndroidManifest.xml:258:9-260:71
	android:windowSoftInputMode
		ADDED from src/main/AndroidManifest.xml:260:13-68
	android:name
		ADDED from src/main/AndroidManifest.xml:259:13-55
activity#com.talenton.organ.ui.user.ChildInfoActivity
ADDED from src/main/AndroidManifest.xml:261:9-63
	android:name
		ADDED from src/main/AndroidManifest.xml:261:19-60
activity#com.talenton.organ.ui.user.SettingActivity
ADDED from src/main/AndroidManifest.xml:262:9-61
	android:name
		ADDED from src/main/AndroidManifest.xml:262:19-58
activity#com.talenton.organ.ui.user.UserInfoActivity
ADDED from src/main/AndroidManifest.xml:263:9-62
	android:name
		ADDED from src/main/AndroidManifest.xml:263:19-59
activity#com.talenton.organ.ui.user.InvitationActivity
ADDED from src/main/AndroidManifest.xml:264:9-64
	android:name
		ADDED from src/main/AndroidManifest.xml:264:19-61
activity#com.talenton.organ.ui.WebViewActivity
ADDED from src/main/AndroidManifest.xml:265:9-56
	android:name
		ADDED from src/main/AndroidManifest.xml:265:19-53
activity#com.talenton.organ.ui.user.HelperListActivity
ADDED from src/main/AndroidManifest.xml:266:9-64
	android:name
		ADDED from src/main/AndroidManifest.xml:266:19-61
activity#com.talenton.organ.ui.user.AboutActivity
ADDED from src/main/AndroidManifest.xml:267:9-59
	android:name
		ADDED from src/main/AndroidManifest.xml:267:19-56
activity#com.talenton.organ.ui.user.myOrders.PingjiaActivity
ADDED from src/main/AndroidManifest.xml:268:9-70
	android:name
		ADDED from src/main/AndroidManifest.xml:268:19-67
activity#com.talenton.organ.ui.user.FamilyActivity
ADDED from src/main/AndroidManifest.xml:269:9-60
	android:name
		ADDED from src/main/AndroidManifest.xml:269:19-57
activity#com.talenton.organ.ui.user.BrowserActivity
ADDED from src/main/AndroidManifest.xml:270:9-61
	android:name
		ADDED from src/main/AndroidManifest.xml:270:19-58
activity#com.talenton.organ.ui.user.MyTopicActivity
ADDED from src/main/AndroidManifest.xml:271:9-61